md5s is [C3F4336893A84C4DBDDACB3ED4B614FA, A814A8F34E7F456B56A961D431D3635C, 2B53563BD76CA445053D92352952984E, d41d8cd98f00b204e9800998ecf8427e]d:\data\.gitd:\data\.git\hooksd:\data\.git\infod:\data\.git\logsd:\data\.git\logs\refsd:\data\.git\logs\refs\headsd:\data\.git\logs\refs\remotesd:\data\.git\logs\refs\remotes\origind:\data\.git\objectsd:\data\.git\objects\01d:\data\.git\objects\03d:\data\.git\objects\05d:\data\.git\objects\06d:\data\.git\objects\0cd:\data\.git\objects\13d:\data\.git\objects\14d:\data\.git\objects\16d:\data\.git\objects\19d:\data\.git\objects\1dd:\data\.git\objects\25d:\data\.git\objects\28d:\data\.git\objects\29d:\data\.git\objects\2ad:\data\.git\objects\2bd:\data\.git\objects\2cd:\data\.git\objects\2ed:\data\.git\objects\30d:\data\.git\objects\32d:\data\.git\objects\33d:\data\.git\objects\34d:\data\.git\objects\37d:\data\.git\objects\38d:\data\.git\objects\3cd:\data\.git\objects\3fd:\data\.git\objects\41d:\data\.git\objects\42d:\data\.git\objects\47d:\data\.git\objects\48d:\data\.git\objects\49d:\data\.git\objects\4ad:\data\.git\objects\4cd:\data\.git\objects\50d:\data\.git\objects\51d:\data\.git\objects\53d:\data\.git\objects\54d:\data\.git\objects\57d:\data\.git\objects\59d:\data\.git\objects\5ad:\data\.git\objects\5bd:\data\.git\objects\60d:\data\.git\objects\61d:\data\.git\objects\62d:\data\.git\objects\64d:\data\.git\objects\66d:\data\.git\objects\67d:\data\.git\objects\68d:\data\.git\objects\6bd:\data\.git\objects\6dd:\data\.git\objects\71d:\data\.git\objects\73d:\data\.git\objects\7cd:\data\.git\objects\7dd:\data\.git\objects\82d:\data\.git\objects\84d:\data\.git\objects\85d:\data\.git\objects\88d:\data\.git\objects\89d:\data\.git\objects\8bd:\data\.git\objects\8cd:\data\.git\objects\8fd:\data\.git\objects\90d:\data\.git\objects\91d:\data\.git\objects\92d:\data\.git\objects\96d:\data\.git\objects\97d:\data\.git\objects\98d:\data\.git\objects\9bd:\data\.git\objects\9dd:\data\.git\objects\a2d:\data\.git\objects\a3d:\data\.git\objects\a6d:\data\.git\objects\a7d:\data\.git\objects\acd:\data\.git\objects\b2d:\data\.git\objects\b3d:\data\.git\objects\b5d:\data\.git\objects\bad:\data\.git\objects\bbd:\data\.git\objects\bcd:\data\.git\objects\bdd:\data\.git\objects\c0d:\data\.git\objects\c2d:\data\.git\objects\c3d:\data\.git\objects\c4d:\data\.git\objects\c5d:\data\.git\objects\c6d:\data\.git\objects\ced:\data\.git\objects\d4d:\data\.git\objects\d5d:\data\.git\objects\d7d:\data\.git\objects\d9d:\data\.git\objects\dcd:\data\.git\objects\ddd:\data\.git\objects\dfd:\data\.git\objects\e0d:\data\.git\objects\e1d:\data\.git\objects\e2d:\data\.git\objects\e3d:\data\.git\objects\e5d:\data\.git\objects\e9d:\data\.git\objects\edd:\data\.git\objects\efd:\data\.git\objects\f2d:\data\.git\objects\f3d:\data\.git\objects\f5d:\data\.git\objects\f9d:\data\.git\objects\fad:\data\.git\objects\fcd:\data\.git\objects\fed:\data\.git\objects\ffd:\data\.git\objects\infod:\data\.git\objects\packd:\data\.git\refsd:\data\.git\refs\headsd:\data\.git\refs\remotesd:\data\.git\refs\remotes\origind:\data\.git\refs\tagsd:\data\agentd:\data\cmdd:\data\configd:\data\config\nginxd:\data\config\tomcatd:\data\config\tomcat\configd:\data\config\tomcat\config\Catalinad:\data\config\tomcat\config\Catalina\localhostd:\data\config\tomcat\config\Catalina\localhost\backupd:\data\databased:\data\dbd:\data\downloadd:\data\lhugd:\data\libd:\data\lib\dubbod:\data\lib\dubbo\springd:\data\lib\dubbo\spring\3.2.5d:\data\lib\dubbo\spring\5.0.2d:\data\logsd:\data\md5d:\data\pland:\data\reportd:\data\report\firstd:\data\report\gend:\data\report\secondd:\data\report\threed:\data\springcloudd:\data\springcloud\projectd:\data\swaggerd:\data\swagger\cssd:\data\swagger\fontsd:\data\swagger\imagesd:\data\swagger\langd:\data\swagger\libd:\data\tmpd:\data\tmp\zookeeperd:\data\tmp\zookeeper\datad:\data\tmp\zookeeper\data\logsd:\data\tmp\zookeeper\data\logs\version-2d:\data\tmp\zookeeper\data\version-2ユ剧...璇锋ョュ褰d:\data\md5\md5.logmd5s is [C3F4336893A84C4DBDDACB3ED4B614FA, A814A8F34E7F456B56A961D431D3635C, 2B53563BD76CA445053D92352952984E, d41d8cd98f00b204e9800998ecf8427e]d:\data\.gitd:\data\.git\hooksd:\data\.git\infod:\data\.git\logsd:\data\.git\logs\refsd:\data\.git\logs\refs\headsd:\data\.git\logs\refs\remotesd:\data\.git\logs\refs\remotes\origind:\data\.git\objectsd:\data\.git\objects\01d:\data\.git\objects\03d:\data\.git\objects\05d:\data\.git\objects\06d:\data\.git\objects\0cd:\data\.git\objects\13d:\data\.git\objects\14d:\data\.git\objects\16d:\data\.git\objects\19d:\data\.git\objects\1dd:\data\.git\objects\25d:\data\.git\objects\28d:\data\.git\objects\29d:\data\.git\objects\2ad:\data\.git\objects\2bd:\data\.git\objects\2cd:\data\.git\objects\2ed:\data\.git\objects\30d:\data\.git\objects\32d:\data\.git\objects\33d:\data\.git\objects\34d:\data\.git\objects\37d:\data\.git\objects\38d:\data\.git\objects\3cd:\data\.git\objects\3fd:\data\.git\objects\41d:\data\.git\objects\42d:\data\.git\objects\47d:\data\.git\objects\48d:\data\.git\objects\49d:\data\.git\objects\4ad:\data\.git\objects\4cd:\data\.git\objects\50d:\data\.git\objects\51d:\data\.git\objects\53d:\data\.git\objects\54d:\data\.git\objects\57d:\data\.git\objects\59d:\data\.git\objects\5ad:\data\.git\objects\5bd:\data\.git\objects\60d:\data\.git\objects\61d:\data\.git\objects\62d:\data\.git\objects\64d:\data\.git\objects\66d:\data\.git\objects\67d:\data\.git\objects\68d:\data\.git\objects\6bd:\data\.git\objects\6dd:\data\.git\objects\71d:\data\.git\objects\73d:\data\.git\objects\7cd:\data\.git\objects\7dd:\data\.git\objects\82d:\data\.git\objects\84d:\data\.git\objects\85d:\data\.git\objects\88d:\data\.git\objects\89d:\data\.git\objects\8bd:\data\.git\objects\8cd:\data\.git\objects\8fd:\data\.git\objects\90d:\data\.git\objects\91d:\data\.git\objects\92d:\data\.git\objects\96d:\data\.git\objects\97d:\data\.git\objects\98d:\data\.git\objects\9bd:\data\.git\objects\9dd:\data\.git\objects\a2d:\data\.git\objects\a3d:\data\.git\objects\a6d:\data\.git\objects\a7d:\data\.git\objects\acd:\data\.git\objects\b2d:\data\.git\objects\b3d:\data\.git\objects\b5d:\data\.git\objects\bad:\data\.git\objects\bbd:\data\.git\objects\bcd:\data\.git\objects\bdd:\data\.git\objects\c0d:\data\.git\objects\c2d:\data\.git\objects\c3d:\data\.git\objects\c4d:\data\.git\objects\c5d:\data\.git\objects\c6d:\data\.git\objects\ced:\data\.git\objects\d4d:\data\.git\objects\d5d:\data\.git\objects\d7d:\data\.git\objects\d9d:\data\.git\objects\dcd:\data\.git\objects\ddd:\data\.git\objects\dfd:\data\.git\objects\e0d:\data\.git\objects\e1d:\data\.git\objects\e2d:\data\.git\objects\e3d:\data\.git\objects\e5d:\data\.git\objects\e9d:\data\.git\objects\edd:\data\.git\objects\efd:\data\.git\objects\f2d:\data\.git\objects\f3d:\data\.git\objects\f5d:\data\.git\objects\f9d:\data\.git\objects\fad:\data\.git\objects\fcd:\data\.git\objects\fed:\data\.git\objects\ffd:\data\.git\objects\infod:\data\.git\objects\packd:\data\.git\refsd:\data\.git\refs\headsd:\data\.git\refs\remotesd:\data\.git\refs\remotes\origind:\data\.git\refs\tagsd:\data\agentd:\data\cmdd:\data\configd:\data\config\nginxd:\data\config\tomcatd:\data\config\tomcat\configd:\data\config\tomcat\config\Catalinad:\data\config\tomcat\config\Catalina\localhostd:\data\config\tomcat\config\Catalina\localhost\backupd:\data\databased:\data\dbd:\data\downloadd:\data\lhugd:\data\libd:\data\lib\dubbod:\data\lib\dubbo\springd:\data\lib\dubbo\spring\3.2.5d:\data\lib\dubbo\spring\5.0.2d:\data\logsd:\data\md5d:\data\pland:\data\reportd:\data\report\firstd:\data\report\gend:\data\report\secondd:\data\report\threed:\data\springcloudd:\data\springcloud\projectd:\data\swaggerd:\data\swagger\cssd:\data\swagger\fontsd:\data\swagger\imagesd:\data\swagger\langd:\data\swagger\libd:\data\tmpd:\data\tmp\zookeeperd:\data\tmp\zookeeper\datad:\data\tmp\zookeeper\data\logsd:\data\tmp\zookeeper\data\logs\version-2d:\data\tmp\zookeeper\data\version-2ユ剧...璇锋ョュ褰d:\data\md5\md5.logmd5s is [C3F4336893A84C4DBDDACB3ED4B614FA, A814A8F34E7F456B56A961D431D3635C, 2B53563BD76CA445053D92352952984E, d41d8cd98f00b204e9800998ecf8427e]d:\data\.gitd:\data\.git\hooksd:\data\.git\infod:\data\.git\logsd:\data\.git\logs\refsd:\data\.git\logs\refs\headsd:\data\.git\logs\refs\remotesd:\data\.git\logs\refs\remotes\origind:\data\.git\objectsd:\data\.git\objects\01d:\data\.git\objects\03d:\data\.git\objects\05d:\data\.git\objects\06d:\data\.git\objects\0cd:\data\.git\objects\13d:\data\.git\objects\14d:\data\.git\objects\16d:\data\.git\objects\19d:\data\.git\objects\1dd:\data\.git\objects\25d:\data\.git\objects\28d:\data\.git\objects\29d:\data\.git\objects\2ad:\data\.git\objects\2bd:\data\.git\objects\2cd:\data\.git\objects\2ed:\data\.git\objects\30d:\data\.git\objects\32d:\data\.git\objects\33d:\data\.git\objects\34d:\data\.git\objects\37d:\data\.git\objects\38d:\data\.git\objects\3cd:\data\.git\objects\3fd:\data\.git\objects\41d:\data\.git\objects\42d:\data\.git\objects\47d:\data\.git\objects\48d:\data\.git\objects\49d:\data\.git\objects\4ad:\data\.git\objects\4cd:\data\.git\objects\50d:\data\.git\objects\51d:\data\.git\objects\53d:\data\.git\objects\54d:\data\.git\objects\57d:\data\.git\objects\59d:\data\.git\objects\5ad:\data\.git\objects\5bd:\data\.git\objects\60d:\data\.git\objects\61d:\data\.git\objects\62d:\data\.git\objects\64d:\data\.git\objects\66d:\data\.git\objects\67d:\data\.git\objects\68d:\data\.git\objects\6bd:\data\.git\objects\6dd:\data\.git\objects\71d:\data\.git\objects\73d:\data\.git\objects\7cd:\data\.git\objects\7dd:\data\.git\objects\82d:\data\.git\objects\84d:\data\.git\objects\85d:\data\.git\objects\88d:\data\.git\objects\89d:\data\.git\objects\8bd:\data\.git\objects\8cd:\data\.git\objects\8fd:\data\.git\objects\90d:\data\.git\objects\91d:\data\.git\objects\92d:\data\.git\objects\96d:\data\.git\objects\97d:\data\.git\objects\98d:\data\.git\objects\9bd:\data\.git\objects\9dd:\data\.git\objects\a2d:\data\.git\objects\a3d:\data\.git\objects\a6d:\data\.git\objects\a7d:\data\.git\objects\acd:\data\.git\objects\b2d:\data\.git\objects\b3d:\data\.git\objects\b5d:\data\.git\objects\bad:\data\.git\objects\bbd:\data\.git\objects\bcd:\data\.git\objects\bdd:\data\.git\objects\c0d:\data\.git\objects\c2d:\data\.git\objects\c3d:\data\.git\objects\c4d:\data\.git\objects\c5d:\data\.git\objects\c6d:\data\.git\objects\ced:\data\.git\objects\d4d:\data\.git\objects\d5d:\data\.git\objects\d7d:\data\.git\objects\d9d:\data\.git\objects\dcd:\data\.git\objects\ddd:\data\.git\objects\dfd:\data\.git\objects\e0d:\data\.git\objects\e1d:\data\.git\objects\e2d:\data\.git\objects\e3d:\data\.git\objects\e5d:\data\.git\objects\e9d:\data\.git\objects\edd:\data\.git\objects\efd:\data\.git\objects\f2d:\data\.git\objects\f3d:\data\.git\objects\f5d:\data\.git\objects\f9d:\data\.git\objects\fad:\data\.git\objects\fcd:\data\.git\objects\fed:\data\.git\objects\ffd:\data\.git\objects\infod:\data\.git\objects\packd:\data\.git\refsd:\data\.git\refs\headsd:\data\.git\refs\remotesd:\data\.git\refs\remotes\origind:\data\.git\refs\tagsd:\data\agentd:\data\cmdd:\data\configd:\data\config\nginxd:\data\config\tomcatd:\data\config\tomcat\configd:\data\config\tomcat\config\Catalinad:\data\config\tomcat\config\Catalina\localhostd:\data\config\tomcat\config\Catalina\localhost\backupd:\data\databased:\data\dbd:\data\downloadd:\data\lhugd:\data\libd:\data\lib\dubbod:\data\lib\dubbo\springd:\data\lib\dubbo\spring\3.2.5d:\data\lib\dubbo\spring\5.0.2d:\data\logsd:\data\md5d:\data\pland:\data\reportd:\data\report\firstd:\data\report\gend:\data\report\secondd:\data\report\threed:\data\springcloudd:\data\springcloud\projectd:\data\swaggerd:\data\swagger\cssd:\data\swagger\fontsd:\data\swagger\imagesd:\data\swagger\langd:\data\swagger\libd:\data\tmpd:\data\tmp\zookeeperd:\data\tmp\zookeeper\datad:\data\tmp\zookeeper\data\logsd:\data\tmp\zookeeper\data\logs\version-2d:\data\tmp\zookeeper\data\version-2ユ剧...璇锋ョュ褰d:\data\md5\md5.logmd5s is [C3F4336893A84C4DBDDACB3ED4B614FA, A814A8F34E7F456B56A961D431D3635C, 2B53563BD76CA445053D92352952984E, d41d8cd98f00b204e9800998ecf8427e]d:\data\.gitd:\data\.git\hooksd:\data\.git\infod:\data\.git\logsd:\data\.git\logs\refsd:\data\.git\logs\refs\headsd:\data\.git\logs\refs\remotesd:\data\.git\logs\refs\remotes\origind:\data\.git\objectsd:\data\.git\objects\01d:\data\.git\objects\03d:\data\.git\objects\05d:\data\.git\objects\06d:\data\.git\objects\0cd:\data\.git\objects\13d:\data\.git\objects\14d:\data\.git\objects\16d:\data\.git\objects\19d:\data\.git\objects\1dd:\data\.git\objects\25d:\data\.git\objects\28d:\data\.git\objects\29d:\data\.git\objects\2ad:\data\.git\objects\2bd:\data\.git\objects\2cd:\data\.git\objects\2ed:\data\.git\objects\30d:\data\.git\objects\32d:\data\.git\objects\33d:\data\.git\objects\34d:\data\.git\objects\37d:\data\.git\objects\38d:\data\.git\objects\3cd:\data\.git\objects\3fd:\data\.git\objects\41d:\data\.git\objects\42d:\data\.git\objects\47d:\data\.git\objects\48d:\data\.git\objects\49d:\data\.git\objects\4ad:\data\.git\objects\4cd:\data\.git\objects\50d:\data\.git\objects\51d:\data\.git\objects\53d:\data\.git\objects\54d:\data\.git\objects\57d:\data\.git\objects\59d:\data\.git\objects\5ad:\data\.git\objects\5bd:\data\.git\objects\60d:\data\.git\objects\61d:\data\.git\objects\62d:\data\.git\objects\64d:\data\.git\objects\66d:\data\.git\objects\67d:\data\.git\objects\68d:\data\.git\objects\6bd:\data\.git\objects\6dd:\data\.git\objects\71d:\data\.git\objects\73d:\data\.git\objects\7cd:\data\.git\objects\7dd:\data\.git\objects\82d:\data\.git\objects\84d:\data\.git\objects\85d:\data\.git\objects\88d:\data\.git\objects\89d:\data\.git\objects\8bd:\data\.git\objects\8cd:\data\.git\objects\8fd:\data\.git\objects\90d:\data\.git\objects\91d:\data\.git\objects\92d:\data\.git\objects\96d:\data\.git\objects\97d:\data\.git\objects\98d:\data\.git\objects\9bd:\data\.git\objects\9dd:\data\.git\objects\a2d:\data\.git\objects\a3d:\data\.git\objects\a6d:\data\.git\objects\a7d:\data\.git\objects\acd:\data\.git\objects\b2d:\data\.git\objects\b3d:\data\.git\objects\b5d:\data\.git\objects\bad:\data\.git\objects\bbd:\data\.git\objects\bcd:\data\.git\objects\bdd:\data\.git\objects\c0d:\data\.git\objects\c2d:\data\.git\objects\c3d:\data\.git\objects\c4d:\data\.git\objects\c5d:\data\.git\objects\c6d:\data\.git\objects\ced:\data\.git\objects\d4d:\data\.git\objects\d5d:\data\.git\objects\d7d:\data\.git\objects\d9d:\data\.git\objects\dcd:\data\.git\objects\ddd:\data\.git\objects\dfd:\data\.git\objects\e0d:\data\.git\objects\e1d:\data\.git\objects\e2d:\data\.git\objects\e3d:\data\.git\objects\e5d:\data\.git\objects\e9d:\data\.git\objects\edd:\data\.git\objects\efd:\data\.git\objects\f2d:\data\.git\objects\f3d:\data\.git\objects\f5d:\data\.git\objects\f9d:\data\.git\objects\fad:\data\.git\objects\fcd:\data\.git\objects\fed:\data\.git\objects\ffd:\data\.git\objects\infod:\data\.git\objects\packd:\data\.git\refsd:\data\.git\refs\headsd:\data\.git\refs\remotesd:\data\.git\refs\remotes\origind:\data\.git\refs\tagsd:\data\agentd:\data\cmdd:\data\configd:\data\config\nginxd:\data\config\tomcatd:\data\config\tomcat\configd:\data\config\tomcat\config\Catalinad:\data\config\tomcat\config\Catalina\localhostd:\data\config\tomcat\config\Catalina\localhost\backupd:\data\databased:\data\dbd:\data\downloadd:\data\lhugd:\data\libd:\data\lib\dubbod:\data\lib\dubbo\springd:\data\lib\dubbo\spring\3.2.5d:\data\lib\dubbo\spring\5.0.2d:\data\logsd:\data\md5d:\data\pland:\data\reportd:\data\report\firstd:\data\report\gend:\data\report\secondd:\data\report\threed:\data\springcloudd:\data\springcloud\projectd:\data\swaggerd:\data\swagger\cssd:\data\swagger\fontsd:\data\swagger\imagesd:\data\swagger\langd:\data\swagger\libd:\data\tmpd:\data\tmp\zookeeperd:\data\tmp\zookeeper\datad:\data\tmp\zookeeper\data\logsd:\data\tmp\zookeeper\data\logs\version-2d:\data\tmp\zookeeper\data\version-2ユ剧...璇锋ョュ褰d:\data\md5\md5.logmd5s is [C3F4336893A84C4DBDDACB3ED4B614FA, A814A8F34E7F456B56A961D431D3635C, 2B53563BD76CA445053D92352952984E, d41d8cd98f00b204e9800998ecf8427e]d:\data\.gitd:\data\.git\hooksd:\data\.git\infod:\data\.git\logsd:\data\.git\logs\refsd:\data\.git\logs\refs\headsd:\data\.git\logs\refs\remotesd:\data\.git\logs\refs\remotes\origind:\data\.git\objectsd:\data\.git\objects\01d:\data\.git\objects\03d:\data\.git\objects\05d:\data\.git\objects\06d:\data\.git\objects\0cd:\data\.git\objects\13d:\data\.git\objects\14d:\data\.git\objects\16d:\data\.git\objects\19d:\data\.git\objects\1dd:\data\.git\objects\25d:\data\.git\objects\28d:\data\.git\objects\29d:\data\.git\objects\2ad:\data\.git\objects\2bd:\data\.git\objects\2cd:\data\.git\objects\2ed:\data\.git\objects\30d:\data\.git\objects\32d:\data\.git\objects\33d:\data\.git\objects\34d:\data\.git\objects\37d:\data\.git\objects\38d:\data\.git\objects\3cd:\data\.git\objects\3fd:\data\.git\objects\41d:\data\.git\objects\42d:\data\.git\objects\47d:\data\.git\objects\48d:\data\.git\objects\49d:\data\.git\objects\4ad:\data\.git\objects\4cd:\data\.git\objects\50d:\data\.git\objects\51d:\data\.git\objects\53d:\data\.git\objects\54d:\data\.git\objects\57d:\data\.git\objects\59d:\data\.git\objects\5ad:\data\.git\objects\5bd:\data\.git\objects\60d:\data\.git\objects\61d:\data\.git\objects\62d:\data\.git\objects\64d:\data\.git\objects\66d:\data\.git\objects\67d:\data\.git\objects\68d:\data\.git\objects\6bd:\data\.git\objects\6dd:\data\.git\objects\71d:\data\.git\objects\73d:\data\.git\objects\7cd:\data\.git\objects\7dd:\data\.git\objects\82d:\data\.git\objects\84d:\data\.git\objects\85d:\data\.git\objects\88d:\data\.git\objects\89d:\data\.git\objects\8bd:\data\.git\objects\8cd:\data\.git\objects\8fd:\data\.git\objects\90d:\data\.git\objects\91d:\data\.git\objects\92d:\data\.git\objects\96d:\data\.git\objects\97d:\data\.git\objects\98d:\data\.git\objects\9bd:\data\.git\objects\9dd:\data\.git\objects\a2d:\data\.git\objects\a3d:\data\.git\objects\a6d:\data\.git\objects\a7d:\data\.git\objects\acd:\data\.git\objects\b2d:\data\.git\objects\b3d:\data\.git\objects\b5d:\data\.git\objects\bad:\data\.git\objects\bbd:\data\.git\objects\bcd:\data\.git\objects\bdd:\data\.git\objects\c0d:\data\.git\objects\c2d:\data\.git\objects\c3d:\data\.git\objects\c4d:\data\.git\objects\c5d:\data\.git\objects\c6d:\data\.git\objects\ced:\data\.git\objects\d4d:\data\.git\objects\d5d:\data\.git\objects\d7d:\data\.git\objects\d9d:\data\.git\objects\dcd:\data\.git\objects\ddd:\data\.git\objects\dfd:\data\.git\objects\e0d:\data\.git\objects\e1d:\data\.git\objects\e2d:\data\.git\objects\e3d:\data\.git\objects\e5d:\data\.git\objects\e9d:\data\.git\objects\edd:\data\.git\objects\efd:\data\.git\objects\f2d:\data\.git\objects\f3d:\data\.git\objects\f5d:\data\.git\objects\f9d:\data\.git\objects\fad:\data\.git\objects\fcd:\data\.git\objects\fed:\data\.git\objects\ffd:\data\.git\objects\infod:\data\.git\objects\packd:\data\.git\refsd:\data\.git\refs\headsd:\data\.git\refs\remotesd:\data\.git\refs\remotes\origind:\data\.git\refs\tagsd:\data\agentd:\data\cmdd:\data\configd:\data\config\nginxd:\data\config\tomcatd:\data\config\tomcat\configd:\data\config\tomcat\config\Catalinad:\data\config\tomcat\config\Catalina\localhostd:\data\config\tomcat\config\Catalina\localhost\backupd:\data\databased:\data\dbd:\data\downloadd:\data\lhugd:\data\libd:\data\lib\dubbod:\data\lib\dubbo\springd:\data\lib\dubbo\spring\3.2.5d:\data\lib\dubbo\spring\5.0.2d:\data\logsd:\data\md5d:\data\pland:\data\reportd:\data\report\firstd:\data\report\gend:\data\report\secondd:\data\report\threed:\data\springcloudd:\data\springcloud\projectd:\data\swaggerd:\data\swagger\cssd:\data\swagger\fontsd:\data\swagger\imagesd:\data\swagger\langd:\data\swagger\libd:\data\tmpd:\data\tmp\zookeeperd:\data\tmp\zookeeper\datad:\data\tmp\zookeeper\data\logsd:\data\tmp\zookeeper\data\logs\version-2d:\data\tmp\zookeeper\data\version-2查找结束...请查看日志目录d:\data\md5\md5.logmd5s is [C3F4336893A84C4DBDDACB3ED4B614FA, A814A8F34E7F456B56A961D431D3635C, 2B53563BD76CA445053D92352952984E, d41d8cd98f00b204e9800998ecf8427e]d:\data\.gitd:\data\.git\hooksd:\data\.git\infod:\data\.git\logsd:\data\.git\logs\refsd:\data\.git\logs\refs\headsd:\data\.git\logs\refs\remotesd:\data\.git\logs\refs\remotes\origind:\data\.git\objectsd:\data\.git\objects\01d:\data\.git\objects\03d:\data\.git\objects\05d:\data\.git\objects\06d:\data\.git\objects\0cd:\data\.git\objects\13d:\data\.git\objects\14d:\data\.git\objects\16d:\data\.git\objects\19d:\data\.git\objects\1dd:\data\.git\objects\25d:\data\.git\objects\28d:\data\.git\objects\29d:\data\.git\objects\2ad:\data\.git\objects\2bd:\data\.git\objects\2cd:\data\.git\objects\2ed:\data\.git\objects\30d:\data\.git\objects\32d:\data\.git\objects\33d:\data\.git\objects\34d:\data\.git\objects\37d:\data\.git\objects\38d:\data\.git\objects\3cd:\data\.git\objects\3fd:\data\.git\objects\41d:\data\.git\objects\42d:\data\.git\objects\47d:\data\.git\objects\48d:\data\.git\objects\49d:\data\.git\objects\4ad:\data\.git\objects\4cd:\data\.git\objects\50d:\data\.git\objects\51d:\data\.git\objects\53d:\data\.git\objects\54d:\data\.git\objects\57d:\data\.git\objects\59d:\data\.git\objects\5ad:\data\.git\objects\5bd:\data\.git\objects\60d:\data\.git\objects\61d:\data\.git\objects\62d:\data\.git\objects\64d:\data\.git\objects\66d:\data\.git\objects\67d:\data\.git\objects\68d:\data\.git\objects\6bd:\data\.git\objects\6dd:\data\.git\objects\71d:\data\.git\objects\73d:\data\.git\objects\7cd:\data\.git\objects\7dd:\data\.git\objects\82d:\data\.git\objects\84d:\data\.git\objects\85d:\data\.git\objects\88d:\data\.git\objects\89d:\data\.git\objects\8bd:\data\.git\objects\8cd:\data\.git\objects\8fd:\data\.git\objects\90d:\data\.git\objects\91d:\data\.git\objects\92d:\data\.git\objects\96d:\data\.git\objects\97d:\data\.git\objects\98d:\data\.git\objects\9bd:\data\.git\objects\9dd:\data\.git\objects\a2d:\data\.git\objects\a3d:\data\.git\objects\a6d:\data\.git\objects\a7d:\data\.git\objects\acd:\data\.git\objects\b2d:\data\.git\objects\b3d:\data\.git\objects\b5d:\data\.git\objects\bad:\data\.git\objects\bbd:\data\.git\objects\bcd:\data\.git\objects\bdd:\data\.git\objects\c0d:\data\.git\objects\c2d:\data\.git\objects\c3d:\data\.git\objects\c4d:\data\.git\objects\c5d:\data\.git\objects\c6d:\data\.git\objects\ced:\data\.git\objects\d4d:\data\.git\objects\d5d:\data\.git\objects\d7d:\data\.git\objects\d9d:\data\.git\objects\dcd:\data\.git\objects\ddd:\data\.git\objects\dfd:\data\.git\objects\e0d:\data\.git\objects\e1d:\data\.git\objects\e2d:\data\.git\objects\e3d:\data\.git\objects\e5d:\data\.git\objects\e9d:\data\.git\objects\edd:\data\.git\objects\efd:\data\.git\objects\f2d:\data\.git\objects\f3d:\data\.git\objects\f5d:\data\.git\objects\f9d:\data\.git\objects\fad:\data\.git\objects\fcd:\data\.git\objects\fed:\data\.git\objects\ffd:\data\.git\objects\infod:\data\.git\objects\packd:\data\.git\refsd:\data\.git\refs\headsd:\data\.git\refs\remotesd:\data\.git\refs\remotes\origind:\data\.git\refs\tagsd:\data\agentd:\data\cmdd:\data\configd:\data\config\nginxd:\data\config\tomcatd:\data\config\tomcat\configd:\data\config\tomcat\config\Catalinad:\data\config\tomcat\config\Catalina\localhostd:\data\config\tomcat\config\Catalina\localhost\backupd:\data\databased:\data\dbd:\data\downloadd:\data\lhugd:\data\libd:\data\lib\dubbod:\data\lib\dubbo\springd:\data\lib\dubbo\spring\3.2.5d:\data\lib\dubbo\spring\5.0.2d:\data\logsd:\data\md5d:\data\pland:\data\reportd:\data\report\firstd:\data\report\gend:\data\report\secondd:\data\report\threed:\data\springcloudd:\data\springcloud\projectd:\data\swaggerd:\data\swagger\cssd:\data\swagger\fontsd:\data\swagger\imagesd:\data\swagger\langd:\data\swagger\libd:\data\tmpd:\data\tmp\zookeeperd:\data\tmp\zookeeper\datad:\data\tmp\zookeeper\data\logsd:\data\tmp\zookeeper\data\logs\version-2d:\data\tmp\zookeeper\data\version-2查找结束...请查看日志目录d:\data\md5\md5.logmd5s is [C3F4336893A84C4DBDDACB3ED4B614FA, A814A8F34E7F456B56A961D431D3635C, 2B53563BD76CA445053D92352952984E, d41d8cd98f00b204e9800998ecf8427e]d:\data\.gitd:\data\.git\hooksd:\data\.git\infod:\data\.git\logsd:\data\.git\logs\refsd:\data\.git\logs\refs\headsd:\data\.git\logs\refs\remotesd:\data\.git\logs\refs\remotes\origind:\data\.git\objectsd:\data\.git\objects\01d:\data\.git\objects\03d:\data\.git\objects\05d:\data\.git\objects\06d:\data\.git\objects\0cd:\data\.git\objects\13d:\data\.git\objects\14d:\data\.git\objects\16d:\data\.git\objects\19d:\data\.git\objects\1dd:\data\.git\objects\25d:\data\.git\objects\28d:\data\.git\objects\29d:\data\.git\objects\2ad:\data\.git\objects\2bd:\data\.git\objects\2cd:\data\.git\objects\2ed:\data\.git\objects\30d:\data\.git\objects\32d:\data\.git\objects\33d:\data\.git\objects\34d:\data\.git\objects\37d:\data\.git\objects\38d:\data\.git\objects\3cd:\data\.git\objects\3fd:\data\.git\objects\41d:\data\.git\objects\42d:\data\.git\objects\47d:\data\.git\objects\48d:\data\.git\objects\49d:\data\.git\objects\4ad:\data\.git\objects\4cd:\data\.git\objects\50d:\data\.git\objects\51d:\data\.git\objects\53d:\data\.git\objects\54d:\data\.git\objects\57d:\data\.git\objects\59d:\data\.git\objects\5ad:\data\.git\objects\5bd:\data\.git\objects\60d:\data\.git\objects\61d:\data\.git\objects\62d:\data\.git\objects\64d:\data\.git\objects\66d:\data\.git\objects\67d:\data\.git\objects\68d:\data\.git\objects\6bd:\data\.git\objects\6dd:\data\.git\objects\71d:\data\.git\objects\73d:\data\.git\objects\7cd:\data\.git\objects\7dd:\data\.git\objects\82d:\data\.git\objects\84d:\data\.git\objects\85d:\data\.git\objects\88d:\data\.git\objects\89d:\data\.git\objects\8bd:\data\.git\objects\8cd:\data\.git\objects\8fd:\data\.git\objects\90d:\data\.git\objects\91d:\data\.git\objects\92d:\data\.git\objects\96d:\data\.git\objects\97d:\data\.git\objects\98d:\data\.git\objects\9bd:\data\.git\objects\9dd:\data\.git\objects\a2d:\data\.git\objects\a3d:\data\.git\objects\a6d:\data\.git\objects\a7d:\data\.git\objects\acd:\data\.git\objects\b2d:\data\.git\objects\b3d:\data\.git\objects\b5d:\data\.git\objects\bad:\data\.git\objects\bbd:\data\.git\objects\bcd:\data\.git\objects\bdd:\data\.git\objects\c0d:\data\.git\objects\c2d:\data\.git\objects\c3d:\data\.git\objects\c4d:\data\.git\objects\c5d:\data\.git\objects\c6d:\data\.git\objects\ced:\data\.git\objects\d4d:\data\.git\objects\d5d:\data\.git\objects\d7d:\data\.git\objects\d9d:\data\.git\objects\dcd:\data\.git\objects\ddd:\data\.git\objects\dfd:\data\.git\objects\e0d:\data\.git\objects\e1d:\data\.git\objects\e2d:\data\.git\objects\e3d:\data\.git\objects\e5d:\data\.git\objects\e9d:\data\.git\objects\edd:\data\.git\objects\efd:\data\.git\objects\f2d:\data\.git\objects\f3d:\data\.git\objects\f5d:\data\.git\objects\f9d:\data\.git\objects\fad:\data\.git\objects\fcd:\data\.git\objects\fed:\data\.git\objects\ffd:\data\.git\objects\infod:\data\.git\objects\packd:\data\.git\refsd:\data\.git\refs\headsd:\data\.git\refs\remotesd:\data\.git\refs\remotes\origind:\data\.git\refs\tagsd:\data\agentd:\data\cmdd:\data\configd:\data\config\nginxd:\data\config\tomcatd:\data\config\tomcat\configd:\data\config\tomcat\config\Catalinad:\data\config\tomcat\config\Catalina\localhostd:\data\config\tomcat\config\Catalina\localhost\backupd:\data\databased:\data\dbd:\data\downloadd:\data\lhugd:\data\libd:\data\lib\dubbod:\data\lib\dubbo\springd:\data\lib\dubbo\spring\3.2.5d:\data\lib\dubbo\spring\5.0.2d:\data\logsd:\data\md5d:\data\pland:\data\reportd:\data\report\firstd:\data\report\gend:\data\report\secondd:\data\report\threed:\data\springcloudd:\data\springcloud\projectd:\data\swaggerd:\data\swagger\cssd:\data\swagger\fontsd:\data\swagger\imagesd:\data\swagger\langd:\data\swagger\libd:\data\tmpd:\data\tmp\zookeeperd:\data\tmp\zookeeper\datad:\data\tmp\zookeeper\data\logsd:\data\tmp\zookeeper\data\logs\version-2d:\data\tmp\zookeeper\data\version-2查找结束...请查看日志目录D:\chenyb\myproject\finally\doc\shell\jdk\project\md5\md5.logmd5s is [C3F4336893A84C4DBDDACB3ED4B614FA, A814A8F34E7F456B56A961D431D3635C, 2B53563BD76CA445053D92352952984E, d41d8cd98f00b204e9800998ecf8427e]
d:\data\.git
d:\data\.git\hooks
d:\data\.git\info
d:\data\.git\logs
d:\data\.git\logs\refs
d:\data\.git\logs\refs\heads
d:\data\.git\logs\refs\remotes
d:\data\.git\logs\refs\remotes\origin
d:\data\.git\objects
d:\data\.git\objects\01
d:\data\.git\objects\03
d:\data\.git\objects\05
d:\data\.git\objects\06
d:\data\.git\objects\0c
d:\data\.git\objects\13
d:\data\.git\objects\14
d:\data\.git\objects\16
d:\data\.git\objects\19
d:\data\.git\objects\1d
d:\data\.git\objects\25
d:\data\.git\objects\28
d:\data\.git\objects\29
d:\data\.git\objects\2a
d:\data\.git\objects\2b
d:\data\.git\objects\2c
d:\data\.git\objects\2e
d:\data\.git\objects\30
d:\data\.git\objects\32
d:\data\.git\objects\33
d:\data\.git\objects\34
d:\data\.git\objects\37
d:\data\.git\objects\38
d:\data\.git\objects\3c
d:\data\.git\objects\3f
d:\data\.git\objects\41
d:\data\.git\objects\42
d:\data\.git\objects\47
d:\data\.git\objects\48
d:\data\.git\objects\49
d:\data\.git\objects\4a
d:\data\.git\objects\4c
d:\data\.git\objects\50
d:\data\.git\objects\51
d:\data\.git\objects\53
d:\data\.git\objects\54
d:\data\.git\objects\57
d:\data\.git\objects\59
d:\data\.git\objects\5a
d:\data\.git\objects\5b
d:\data\.git\objects\60
d:\data\.git\objects\61
d:\data\.git\objects\62
d:\data\.git\objects\64
d:\data\.git\objects\66
d:\data\.git\objects\67
d:\data\.git\objects\68
d:\data\.git\objects\6b
d:\data\.git\objects\6d
d:\data\.git\objects\71
d:\data\.git\objects\73
d:\data\.git\objects\7c
d:\data\.git\objects\7d
d:\data\.git\objects\82
d:\data\.git\objects\84
d:\data\.git\objects\85
d:\data\.git\objects\88
d:\data\.git\objects\89
d:\data\.git\objects\8b
d:\data\.git\objects\8c
d:\data\.git\objects\8f
d:\data\.git\objects\90
d:\data\.git\objects\91
d:\data\.git\objects\92
d:\data\.git\objects\96
d:\data\.git\objects\97
d:\data\.git\objects\98
d:\data\.git\objects\9b
d:\data\.git\objects\9d
d:\data\.git\objects\a2
d:\data\.git\objects\a3
d:\data\.git\objects\a6
d:\data\.git\objects\a7
d:\data\.git\objects\ac
d:\data\.git\objects\b2
d:\data\.git\objects\b3
d:\data\.git\objects\b5
d:\data\.git\objects\ba
d:\data\.git\objects\bb
d:\data\.git\objects\bc
d:\data\.git\objects\bd
d:\data\.git\objects\c0
d:\data\.git\objects\c2
d:\data\.git\objects\c3
d:\data\.git\objects\c4
d:\data\.git\objects\c5
d:\data\.git\objects\c6
d:\data\.git\objects\ce
d:\data\.git\objects\d4
d:\data\.git\objects\d5
d:\data\.git\objects\d7
d:\data\.git\objects\d9
d:\data\.git\objects\dc
d:\data\.git\objects\dd
d:\data\.git\objects\df
d:\data\.git\objects\e0
d:\data\.git\objects\e1
d:\data\.git\objects\e2
d:\data\.git\objects\e3
d:\data\.git\objects\e5
d:\data\.git\objects\e9
d:\data\.git\objects\ed
d:\data\.git\objects\ef
d:\data\.git\objects\f2
d:\data\.git\objects\f3
d:\data\.git\objects\f5
d:\data\.git\objects\f9
d:\data\.git\objects\fa
d:\data\.git\objects\fc
d:\data\.git\objects\fe
d:\data\.git\objects\ff
d:\data\.git\objects\info
d:\data\.git\objects\pack
d:\data\.git\refs
d:\data\.git\refs\heads
d:\data\.git\refs\remotes
d:\data\.git\refs\remotes\origin
d:\data\.git\refs\tags
d:\data\agent
d:\data\cmd
d:\data\config
d:\data\config\nginx
d:\data\config\tomcat
d:\data\config\tomcat\config
d:\data\config\tomcat\config\Catalina
d:\data\config\tomcat\config\Catalina\localhost
d:\data\config\tomcat\config\Catalina\localhost\backup
d:\data\database
d:\data\db
d:\data\download
d:\data\lhug
d:\data\lib
d:\data\lib\dubbo
d:\data\lib\dubbo\spring
d:\data\lib\dubbo\spring\3.2.5
d:\data\lib\dubbo\spring\5.0.2
d:\data\logs
d:\data\md5
d:\data\plan
d:\data\report
d:\data\report\first
d:\data\report\gen
d:\data\report\second
d:\data\report\three
d:\data\springcloud
d:\data\springcloud\project
d:\data\swagger
d:\data\swagger\css
d:\data\swagger\fonts
d:\data\swagger\images
d:\data\swagger\lang
d:\data\swagger\lib
d:\data\tmp
d:\data\tmp\zookeeper
d:\data\tmp\zookeeper\data
d:\data\tmp\zookeeper\data\logs
d:\data\tmp\zookeeper\data\logs\version-2
d:\data\tmp\zookeeper\data\version-2
查找结束...请查看日志目录D:\chenyb\myproject\finally\doc\shell\jdk\project\md5\md5.log
md5s is [C3F4336893A84C4DBDDACB3ED4B614FA, A814A8F34E7F456B56A961D431D3635C, 2B53563BD76CA445053D92352952984E, d41d8cd98f00b204e9800998ecf8427e]
d:\data\.git
d:\data\.git\hooks
d:\data\.git\info
d:\data\.git\logs
d:\data\.git\logs\refs
d:\data\.git\logs\refs\heads
d:\data\.git\logs\refs\remotes
d:\data\.git\logs\refs\remotes\origin
d:\data\.git\objects
d:\data\.git\objects\01
d:\data\.git\objects\03
d:\data\.git\objects\05
d:\data\.git\objects\06
d:\data\.git\objects\0c
d:\data\.git\objects\13
d:\data\.git\objects\14
d:\data\.git\objects\16
d:\data\.git\objects\19
d:\data\.git\objects\1d
d:\data\.git\objects\25
d:\data\.git\objects\28
d:\data\.git\objects\29
d:\data\.git\objects\2a
d:\data\.git\objects\2b
d:\data\.git\objects\2c
d:\data\.git\objects\2e
d:\data\.git\objects\30
d:\data\.git\objects\32
d:\data\.git\objects\33
d:\data\.git\objects\34
d:\data\.git\objects\37
d:\data\.git\objects\38
d:\data\.git\objects\3c
d:\data\.git\objects\3f
d:\data\.git\objects\41
d:\data\.git\objects\42
d:\data\.git\objects\47
d:\data\.git\objects\48
d:\data\.git\objects\49
d:\data\.git\objects\4a
d:\data\.git\objects\4c
d:\data\.git\objects\50
d:\data\.git\objects\51
d:\data\.git\objects\53
d:\data\.git\objects\54
d:\data\.git\objects\57
d:\data\.git\objects\59
d:\data\.git\objects\5a
d:\data\.git\objects\5b
d:\data\.git\objects\60
d:\data\.git\objects\61
d:\data\.git\objects\62
d:\data\.git\objects\64
d:\data\.git\objects\66
d:\data\.git\objects\67
d:\data\.git\objects\68
d:\data\.git\objects\6b
d:\data\.git\objects\6d
d:\data\.git\objects\71
d:\data\.git\objects\73
d:\data\.git\objects\7c
d:\data\.git\objects\7d
d:\data\.git\objects\82
d:\data\.git\objects\84
d:\data\.git\objects\85
d:\data\.git\objects\88
d:\data\.git\objects\89
d:\data\.git\objects\8b
d:\data\.git\objects\8c
d:\data\.git\objects\8f
d:\data\.git\objects\90
d:\data\.git\objects\91
d:\data\.git\objects\92
d:\data\.git\objects\96
d:\data\.git\objects\97
d:\data\.git\objects\98
d:\data\.git\objects\9b
d:\data\.git\objects\9d
d:\data\.git\objects\a2
d:\data\.git\objects\a3
d:\data\.git\objects\a6
d:\data\.git\objects\a7
d:\data\.git\objects\ac
d:\data\.git\objects\b2
d:\data\.git\objects\b3
d:\data\.git\objects\b5
d:\data\.git\objects\ba
d:\data\.git\objects\bb
d:\data\.git\objects\bc
d:\data\.git\objects\bd
d:\data\.git\objects\c0
d:\data\.git\objects\c2
d:\data\.git\objects\c3
d:\data\.git\objects\c4
d:\data\.git\objects\c5
d:\data\.git\objects\c6
d:\data\.git\objects\ce
d:\data\.git\objects\d4
d:\data\.git\objects\d5
d:\data\.git\objects\d7
d:\data\.git\objects\d9
d:\data\.git\objects\dc
d:\data\.git\objects\dd
d:\data\.git\objects\df
d:\data\.git\objects\e0
d:\data\.git\objects\e1
d:\data\.git\objects\e2
d:\data\.git\objects\e3
d:\data\.git\objects\e5
d:\data\.git\objects\e9
d:\data\.git\objects\ed
d:\data\.git\objects\ef
d:\data\.git\objects\f2
d:\data\.git\objects\f3
d:\data\.git\objects\f5
d:\data\.git\objects\f9
d:\data\.git\objects\fa
d:\data\.git\objects\fc
d:\data\.git\objects\fe
d:\data\.git\objects\ff
d:\data\.git\objects\info
d:\data\.git\objects\pack
d:\data\.git\refs
d:\data\.git\refs\heads
d:\data\.git\refs\remotes
d:\data\.git\refs\remotes\origin
d:\data\.git\refs\tags
d:\data\agent
d:\data\cmd
d:\data\config
d:\data\config\nginx
d:\data\config\tomcat
d:\data\config\tomcat\config
d:\data\config\tomcat\config\Catalina
d:\data\config\tomcat\config\Catalina\localhost
d:\data\config\tomcat\config\Catalina\localhost\backup
d:\data\database
d:\data\db
d:\data\download
d:\data\lhug
d:\data\lib
d:\data\lib\dubbo
d:\data\lib\dubbo\spring
d:\data\lib\dubbo\spring\3.2.5
d:\data\lib\dubbo\spring\5.0.2
d:\data\logs
d:\data\md5
d:\data\plan
d:\data\report
d:\data\report\first
d:\data\report\gen
d:\data\report\second
d:\data\report\three
d:\data\springcloud
d:\data\springcloud\project
d:\data\swagger
d:\data\swagger\css
d:\data\swagger\fonts
d:\data\swagger\images
d:\data\swagger\lang
d:\data\swagger\lib
d:\data\tmp
d:\data\tmp\zookeeper
d:\data\tmp\zookeeper\data
d:\data\tmp\zookeeper\data\logs
d:\data\tmp\zookeeper\data\logs\version-2
d:\data\tmp\zookeeper\data\version-2
查找结束...请查看日志目录D:\chenyb\myproject\finally\doc\shell\jdk\project\md5\md5.log
